features/login/build/intermediates/manifest_merge_blame_file/debug/manifest-merger-blame-debug-report.txt
1<?xml version="1.0" encoding="utf-8"?>
2<manifest xmlns:android="http://schemas.android.com/apk/res/android"
3    package="com.login"
4    android:versionCode="1"
5    android:versionName="1.0" >
6
7    <uses-sdk
8        android:minSdkVersion="21"
8-->src\main\AndroidManifest.xml
9        android:targetSdkVersion="29" />
9-->src\main\AndroidManifest.xml
10
11    <application>
11-->src\main\AndroidManifest.xml:5:5-18:19
12        <activity
12-->src\main\AndroidManifest.xml:6:9-14:20
13            android:name="com.login.activity.LoginActivity"
13-->src\main\AndroidManifest.xml:6:19-57
14            android:launchMode="singleTop"
14-->src\main\AndroidManifest.xml:7:13-43
15            android:screenOrientation="portrait"
15-->src\main\AndroidManifest.xml:8:13-49
16            android:theme="@style/LoginTheme" >
16-->src\main\AndroidManifest.xml:9:13-46
17            <intent-filter>
17-->src\main\AndroidManifest.xml:10:13-13:29
18                <action android:name="com.features.login.activity.LoginActivity" />
18-->src\main\AndroidManifest.xml:11:17-83
18-->src\main\AndroidManifest.xml:11:25-81
19
20                <category android:name="android.intent.category.DEFAULT" />
20-->src\main\AndroidManifest.xml:12:17-75
20-->src\main\AndroidManifest.xml:12:27-73
21            </intent-filter>
22        </activity>
23
24        <meta-data
24-->src\main\AndroidManifest.xml:15:9-17:57
25            android:name="preloaded_fonts"
25-->src\main\AndroidManifest.xml:16:13-43
26            android:resource="@array/preloaded_fonts" />
26-->src\main\AndroidManifest.xml:17:13-54
27    </application>
28
29</manifest>